This is pdfTeX, Version 3.1415926-1.40.10 (MiKTeX 2.8) (preloaded format=pdflatex 2020.10.18)  31 DEC 2020 20:59
entering extended mode
**pqPFDH.tex
("C:\Users\ABABACAR MBAYE\Downloads\These\pqPFDH\pqPFDH.tex"
LaTeX2e <2009/09/24>
Babel <v3.8l> and hyphenation patterns for english, dumylang, nohyphenation, ge
rman, ngerman, german-x-2009-06-19, ngerman-x-2009-06-19, french, loaded.
("C:\Program Files (x86)\MiKTeX 2.8\tex\latex\base\article.cls"
Document Class: article 2007/10/19 v1.4h Standard LaTeX document class
("C:\Program Files (x86)\MiKTeX 2.8\tex\latex\base\size11.clo"
File: size11.clo 2007/10/19 v1.4h Standard LaTeX file (size option)
)
\c@part=\count79
\c@section=\count80
\c@subsection=\count81
\c@subsubsection=\count82
\c@paragraph=\count83
\c@subparagraph=\count84
\c@figure=\count85
\c@table=\count86
\abovecaptionskip=\skip41
\belowcaptionskip=\skip42
\bibindent=\dimen102
)
("C:\Program Files (x86)\MiKTeX 2.8\tex\latex\pgf\frontendlayer\tikz.sty"
("C:\Program Files (x86)\MiKTeX 2.8\tex\latex\pgf\basiclayer\pgf.sty"
("C:\Program Files (x86)\MiKTeX 2.8\tex\latex\pgf\utilities\pgfrcs.sty"
("C:\Program Files (x86)\MiKTeX 2.8\tex\generic\pgf\utilities\pgfutil-common.te
x"
\pgfutil@everybye=\toks14
)
("C:\Program Files (x86)\MiKTeX 2.8\tex\generic\pgf\utilities\pgfutil-latex.def
") ("C:\Program Files (x86)\MiKTeX 2.8\tex\generic\pgf\utilities\pgfrcs.code.te
x"
Package: pgfrcs 2008/02/20 v2.00 (rcs-revision 1.21)
))
Package: pgf 2008/01/15 v2.00 (rcs-revision 1.12)
 ("C:\Program Files (x86)\MiKTeX 2.8\tex\latex\pgf\basiclayer\pgfcore.sty"
("C:\Program Files (x86)\MiKTeX 2.8\tex\latex\graphics\graphicx.sty"
Package: graphicx 1999/02/16 v1.0f Enhanced LaTeX Graphics (DPC,SPQR)

("C:\Program Files (x86)\MiKTeX 2.8\tex\latex\graphics\keyval.sty"
Package: keyval 1999/03/16 v1.13 key=value parser (DPC)
\KV@toks@=\toks15
)
("C:\Program Files (x86)\MiKTeX 2.8\tex\latex\graphics\graphics.sty"
Package: graphics 2009/02/05 v1.0o Standard LaTeX Graphics (DPC,SPQR)

("C:\Program Files (x86)\MiKTeX 2.8\tex\latex\graphics\trig.sty"
Package: trig 1999/03/16 v1.09 sin cos tan (DPC)
)
("C:\Program Files (x86)\MiKTeX 2.8\tex\latex\00miktex\graphics.cfg"
File: graphics.cfg 2007/01/18 v1.5 graphics configuration of teTeX/TeXLive
)
Package graphics Info: Driver file: pdftex.def on input line 91.

("C:\Program Files (x86)\MiKTeX 2.8\tex\latex\pdftex-def\pdftex.def"
File: pdftex.def 2010/02/14 v0.04n Graphics/color for pdfTeX
\Gread@gobject=\count87
))
\Gin@req@height=\dimen103
\Gin@req@width=\dimen104
)
("C:\Program Files (x86)\MiKTeX 2.8\tex\latex\pgf\systemlayer\pgfsys.sty"
("C:\Program Files (x86)\MiKTeX 2.8\tex\generic\pgf\systemlayer\pgfsys.code.tex
"
Package: pgfsys 2008/02/07 v2.00 (rcs-revision 1.31)
 ("C:\Program Files (x86)\MiKTeX 2.8\tex\generic\pgf\utilities\pgfkeys.code.tex
"
\pgfkeys@pathtoks=\toks16
\pgfkeys@temptoks=\toks17
)
\pgf@x=\dimen105
\pgf@y=\dimen106
\pgf@xa=\dimen107
\pgf@ya=\dimen108
\pgf@xb=\dimen109
\pgf@yb=\dimen110
\pgf@xc=\dimen111
\pgf@yc=\dimen112
\c@pgf@counta=\count88
\c@pgf@countb=\count89
\c@pgf@countc=\count90
\c@pgf@countd=\count91
 ("C:\Program Files (x86)\MiKTeX 2.8\tex\generic\pgf\systemlayer\pgf.cfg"
File: pgf.cfg 2008/01/13  (rcs-revision 1.6)
)
Package pgfsys Info: Driver file for pgf: pgfsys-pdftex.def on input line 885.

("C:\Program Files (x86)\MiKTeX 2.8\tex\generic\pgf\systemlayer\pgfsys-pdftex.d
ef"
File: pgfsys-pdftex.def 2007/12/20  (rcs-revision 1.20)

("C:\Program Files (x86)\MiKTeX 2.8\tex\generic\pgf\systemlayer\pgfsys-common-p
df.def"
File: pgfsys-common-pdf.def 2007/12/17  (rcs-revision 1.8)
)))
("C:\Program Files (x86)\MiKTeX 2.8\tex\generic\pgf\systemlayer\pgfsyssoftpath.
code.tex"
File: pgfsyssoftpath.code.tex 2008/01/23  (rcs-revision 1.6)
\pgfsyssoftpath@smallbuffer@items=\count92
\pgfsyssoftpath@bigbuffer@items=\count93
)
("C:\Program Files (x86)\MiKTeX 2.8\tex\generic\pgf\systemlayer\pgfsysprotocol.
code.tex"
File: pgfsysprotocol.code.tex 2006/10/16  (rcs-revision 1.4)
)) ("C:\Program Files (x86)\MiKTeX 2.8\tex\latex\xcolor\xcolor.sty"
Package: xcolor 2007/01/21 v2.11 LaTeX color extensions (UK)

("C:\Program Files (x86)\MiKTeX 2.8\tex\latex\00miktex\color.cfg"
File: color.cfg 2007/01/18 v1.5 color configuration of teTeX/TeXLive
)
Package xcolor Info: Driver file: pdftex.def on input line 225.
Package xcolor Info: Model `cmy' substituted by `cmy0' on input line 1337.
Package xcolor Info: Model `hsb' substituted by `rgb' on input line 1341.
Package xcolor Info: Model `RGB' extended on input line 1353.
Package xcolor Info: Model `HTML' substituted by `rgb' on input line 1355.
Package xcolor Info: Model `Hsb' substituted by `hsb' on input line 1356.
Package xcolor Info: Model `tHsb' substituted by `hsb' on input line 1357.
Package xcolor Info: Model `HSB' substituted by `hsb' on input line 1358.
Package xcolor Info: Model `Gray' substituted by `gray' on input line 1359.
Package xcolor Info: Model `wave' substituted by `hsb' on input line 1360.
)
("C:\Program Files (x86)\MiKTeX 2.8\tex\generic\pgf\basiclayer\pgfcore.code.tex
"
Package: pgfcore 2008/01/15 v2.00 (rcs-revision 1.6)
 ("C:\Program Files (x86)\MiKTeX 2.8\tex\generic\pgf\math\pgfmath.code.tex"
("C:\Program Files (x86)\MiKTeX 2.8\tex\generic\pgf\math\pgfmathcalc.code.tex"
("C:\Program Files (x86)\MiKTeX 2.8\tex\generic\pgf\math\pgfmathutil.code.tex"
\pgfmath@box=\box26
) ("C:\Program Files (x86)\MiKTeX 2.8\tex\generic\pgf\math\pgfmathparser.code.t
ex"
\pgfmath@stack=\toks18
\c@pgfmath@parsecounta=\count94
\c@pgfmath@parsecountb=\count95
\c@pgfmath@parsecountc=\count96
\pgfmath@parsex=\dimen113
)
("C:\Program Files (x86)\MiKTeX 2.8\tex\generic\pgf\math\pgfmathoperations.code
.tex"
("C:\Program Files (x86)\MiKTeX 2.8\tex\generic\pgf\math\pgfmathtrig.code.tex")
("C:\Program Files (x86)\MiKTeX 2.8\tex\generic\pgf\math\pgfmathrnd.code.tex"))
("C:\Program Files (x86)\MiKTeX 2.8\tex\generic\pgf\math\pgfmathbase.code.tex")
))
("C:\Program Files (x86)\MiKTeX 2.8\tex\generic\pgf\basiclayer\pgfcorepoints.co
de.tex"
File: pgfcorepoints.code.tex 2008/02/03  (rcs-revision 1.13)
\pgf@picminx=\dimen114
\pgf@picmaxx=\dimen115
\pgf@picminy=\dimen116
\pgf@picmaxy=\dimen117
\pgf@pathminx=\dimen118
\pgf@pathmaxx=\dimen119
\pgf@pathminy=\dimen120
\pgf@pathmaxy=\dimen121
\pgf@xx=\dimen122
\pgf@xy=\dimen123
\pgf@yx=\dimen124
\pgf@yy=\dimen125
\pgf@zx=\dimen126
\pgf@zy=\dimen127
)
("C:\Program Files (x86)\MiKTeX 2.8\tex\generic\pgf\basiclayer\pgfcorepathconst
ruct.code.tex"
File: pgfcorepathconstruct.code.tex 2008/02/13  (rcs-revision 1.14)
\pgf@path@lastx=\dimen128
\pgf@path@lasty=\dimen129
)
("C:\Program Files (x86)\MiKTeX 2.8\tex\generic\pgf\basiclayer\pgfcorepathusage
.code.tex"
File: pgfcorepathusage.code.tex 2008/01/23  (rcs-revision 1.11)
\pgf@shorten@end@additional=\dimen130
\pgf@shorten@start@additional=\dimen131
)
("C:\Program Files (x86)\MiKTeX 2.8\tex\generic\pgf\basiclayer\pgfcorescopes.co
de.tex"
File: pgfcorescopes.code.tex 2008/01/15  (rcs-revision 1.26)
\pgfpic=\box27
\pgf@hbox=\box28
\pgf@layerbox@main=\box29
\pgf@picture@serial@count=\count97
)
("C:\Program Files (x86)\MiKTeX 2.8\tex\generic\pgf\basiclayer\pgfcoregraphicst
ate.code.tex"
File: pgfcoregraphicstate.code.tex 2007/12/12  (rcs-revision 1.8)
\pgflinewidth=\dimen132
)
("C:\Program Files (x86)\MiKTeX 2.8\tex\generic\pgf\basiclayer\pgfcoretransform
ations.code.tex"
File: pgfcoretransformations.code.tex 2008/02/04  (rcs-revision 1.10)
\pgf@pt@x=\dimen133
\pgf@pt@y=\dimen134
\pgf@pt@temp=\dimen135
)
("C:\Program Files (x86)\MiKTeX 2.8\tex\generic\pgf\basiclayer\pgfcorequick.cod
e.tex"
File: pgfcorequick.code.tex 2006/10/11  (rcs-revision 1.2)
)
("C:\Program Files (x86)\MiKTeX 2.8\tex\generic\pgf\basiclayer\pgfcoreobjects.c
ode.tex"
File: pgfcoreobjects.code.tex 2006/10/11  (rcs-revision 1.2)
)
("C:\Program Files (x86)\MiKTeX 2.8\tex\generic\pgf\basiclayer\pgfcorepathproce
ssing.code.tex"
File: pgfcorepathprocessing.code.tex 2008/01/23  (rcs-revision 1.7)
)
("C:\Program Files (x86)\MiKTeX 2.8\tex\generic\pgf\basiclayer\pgfcorearrows.co
de.tex"
File: pgfcorearrows.code.tex 2007/06/07  (rcs-revision 1.8)
)
("C:\Program Files (x86)\MiKTeX 2.8\tex\generic\pgf\basiclayer\pgfcoreshade.cod
e.tex"
File: pgfcoreshade.code.tex 2007/12/10  (rcs-revision 1.9)
\pgf@max=\dimen136
\pgf@sys@shading@range@num=\count98
)
("C:\Program Files (x86)\MiKTeX 2.8\tex\generic\pgf\basiclayer\pgfcoreimage.cod
e.tex"
File: pgfcoreimage.code.tex 2008/01/15  (rcs-revision 1.1)
\pgfexternal@startupbox=\box30
)
("C:\Program Files (x86)\MiKTeX 2.8\tex\generic\pgf\basiclayer\pgfcorelayers.co
de.tex"
File: pgfcorelayers.code.tex 2008/01/15  (rcs-revision 1.1)
)
("C:\Program Files (x86)\MiKTeX 2.8\tex\generic\pgf\basiclayer\pgfcoretranspare
ncy.code.tex"
File: pgfcoretransparency.code.tex 2008/01/17  (rcs-revision 1.2)
)
("C:\Program Files (x86)\MiKTeX 2.8\tex\generic\pgf\basiclayer\pgfcorepatterns.
code.tex"
File: pgfcorepatterns.code.tex 2008/01/15  (rcs-revision 1.1)
)))
("C:\Program Files (x86)\MiKTeX 2.8\tex\generic\pgf\modules\pgfmoduleshapes.cod
e.tex"
File: pgfmoduleshapes.code.tex 2008/02/13  (rcs-revision 1.4)
\pgfnodeparttextbox=\box31
\toks@savedmacro=\toks19
)
("C:\Program Files (x86)\MiKTeX 2.8\tex\generic\pgf\modules\pgfmoduleplot.code.
tex"
File: pgfmoduleplot.code.tex 2008/01/15  (rcs-revision 1.1)
\pgf@plotwrite=\write3
)
("C:\Program Files (x86)\MiKTeX 2.8\tex\latex\pgf\compatibility\pgfcomp-version
-0-65.sty"
Package: pgfcomp-version-0-65 2007/07/03 v2.00 (rcs-revision 1.7)
\pgf@nodesepstart=\dimen137
\pgf@nodesepend=\dimen138
)
("C:\Program Files (x86)\MiKTeX 2.8\tex\latex\pgf\compatibility\pgfcomp-version
-1-18.sty"
Package: pgfcomp-version-1-18 2007/07/23 v2.00 (rcs-revision 1.1)
))
("C:\Program Files (x86)\MiKTeX 2.8\tex\latex\pgf\utilities\pgffor.sty"
("C:\Program Files (x86)\MiKTeX 2.8\tex\generic\pgf\utilities\pgffor.code.tex"
Package: pgffor 2007/11/07 v2.00 (rcs-revision 1.8)
\pgffor@iter=\dimen139
\pgffor@skip=\dimen140
))
("C:\Program Files (x86)\MiKTeX 2.8\tex\generic\pgf\frontendlayer\tikz\tikz.cod
e.tex"
Package: tikz 2008/02/13 v2.00 (rcs-revision 1.27)

("C:\Program Files (x86)\MiKTeX 2.8\tex\generic\pgf\libraries\pgflibraryplothan
dlers.code.tex"
File: pgflibraryplothandlers.code.tex 2007/03/09 v2.00 (rcs-revision 1.9)
\pgf@plot@mark@count=\count99
\pgfplotmarksize=\dimen141
)
\tikz@lastx=\dimen142
\tikz@lasty=\dimen143
\tikz@lastxsaved=\dimen144
\tikz@lastysaved=\dimen145
\tikzleveldistance=\dimen146
\tikzsiblingdistance=\dimen147
\tikz@figbox=\box32
\tikz@tempbox=\box33
\tikztreelevel=\count100
\tikznumberofchildren=\count101
\tikznumberofcurrentchild=\count102
\tikz@fig@count=\count103

("C:\Program Files (x86)\MiKTeX 2.8\tex\generic\pgf\modules\pgfmodulematrix.cod
e.tex"
File: pgfmodulematrix.code.tex 2008/01/15  (rcs-revision 1.1)
\pgfmatrixcurrentrow=\count104
\pgfmatrixcurrentcolumn=\count105
\pgf@matrix@numberofcolumns=\count106
)
\tikz@expandcount=\count107

("C:\Program Files (x86)\MiKTeX 2.8\tex\generic\pgf\frontendlayer\tikz\librarie
s\tikzlibrarytopaths.code.tex"
File: tikzlibrarytopaths.code.tex 2008/01/09 v2.00 (rcs-revision 1.1)
)))
("C:\Program Files (x86)\MiKTeX 2.8\tex\generic\pgf\frontendlayer\tikz\librarie
s\tikzlibrarydecorations.markings.code.tex"
("C:\Program Files (x86)\MiKTeX 2.8\tex\generic\pgf\frontendlayer\tikz\librarie
s\tikzlibrarydecorations.code.tex"
("C:\Program Files (x86)\MiKTeX 2.8\tex\generic\pgf\modules\pgfmoduledecoration
s.code.tex"
\pgfdecoratedcompleteddistance=\dimen148
\pgfdecoratedremainingdistance=\dimen149
\pgfdecoratedinputsegmentcompleteddistance=\dimen150
\pgfdecoratedinputsegmentremainingdistance=\dimen151
\pgf@decorate@distancetomove=\dimen152
\pgf@decorate@repeatstate=\count108
\pgfdecorationsegmentamplitude=\dimen153
\pgfdecorationsegmentlength=\dimen154
))
("C:\Program Files (x86)\MiKTeX 2.8\tex\generic\pgf\libraries\pgflibrarydecorat
ions.markings.code.tex"))
("C:\Program Files (x86)\MiKTeX 2.8\tex\latex\psnfss\times.sty"
Package: times 2005/04/12 PSNFSS-v9.2a (SPQR) 
)
("C:\Program Files (x86)\MiKTeX 2.8\tex\latex\float\float.sty"
Package: float 2001/11/08 v1.3d Float enhancements (AL)
\c@float@type=\count109
\float@exts=\toks20
\float@box=\box34
\@float@everytoks=\toks21
\@floatcapt=\box35
)
("C:\Program Files (x86)\MiKTeX 2.8\tex\latex\pgfplots\pgfplots.sty"
Package: pgfplots 2010/03/31 Version 1.3.1

("C:\Program Files (x86)\MiKTeX 2.8\tex\generic\pgfplots\pgfplots.code.tex"
("C:\Program Files (x86)\MiKTeX 2.8\tex\generic\pgfplots\pgfplotscore.code.tex"
\t@pgfplots@toka=\toks22
\t@pgfplots@tokb=\toks23
\t@pgfplots@tokc=\toks24
\pgfplots@tmpa=\dimen155
\c@pgfplots@coordindex=\count110
\c@pgfplots@scanlineindex=\count111
\r@pgfplots@reada=\read1
)
("C:\Program Files (x86)\MiKTeX 2.8\tex\generic\pgfplots\libs\pgfplotslibrary.c
ode.tex")
("C:\Program Files (x86)\MiKTeX 2.8\tex\generic\pgfplots\oldpgfcompatib\pgfplot
soldpgfsupp_loader.code.tex"
Package pgfplots: loading complementary code for your PGF version...

("C:\Program Files (x86)\MiKTeX 2.8\tex\generic\pgfplots\oldpgfcompatib\pgfplot
soldpgfsupp_misc.code.tex"
\w@pgf@writea=\write4
\r@pgf@reada=\read2
)
("C:\Program Files (x86)\MiKTeX 2.8\tex\generic\pgfplots\oldpgfcompatib\pgfplot
soldpgfsupp_pgfkeys.code.tex"
\pgfkeys@pathtoks=\toks25
\pgfkeys@temptoks=\toks26

("C:\Program Files (x86)\MiKTeX 2.8\tex\generic\pgfplots\oldpgfcompatib\pgfplot
soldpgfsupp_pgfkeysfiltered.code.tex"
\pgfkeys@tmptoks=\toks27
))
("C:\Program Files (x86)\MiKTeX 2.8\tex\generic\pgfplots\oldpgfcompatib\pgfplot
soldpgfsupp_pgfmathfloat.code.tex"
\c@pgfmathroundto@lastzeros=\count112
)
("C:\Program Files (x86)\MiKTeX 2.8\tex\generic\pgfplots\oldpgfcompatib\pgfplot
soldpgfsupp_pgflibraryplothandlers.code.tex"
File: pgflibraryplothandlers.code.tex 2009/11/18 v2.00 (rcs-revision 1.14)
\pgf@plot@mark@count=\count113
\pgfplotmarksize=\dimen156
)
("C:\Program Files (x86)\MiKTeX 2.8\tex\generic\pgfplots\oldpgfcompatib\pgfplot
soldpgfsupp_pgflibraryfpu.code.tex"))
("C:\Program Files (x86)\MiKTeX 2.8\tex\generic\pgfplots\util\pgfplotsutil.code
.tex"
("C:\Program Files (x86)\MiKTeX 2.8\tex\generic\pgfplots\liststructure\pgfplots
liststructure.code.tex")
("C:\Program Files (x86)\MiKTeX 2.8\tex\generic\pgfplots\liststructure\pgfplots
liststructureext.code.tex")
("C:\Program Files (x86)\MiKTeX 2.8\tex\generic\pgfplots\liststructure\pgfplots
array.code.tex"
\c@pgfplotsarray@tmp=\count114
)
("C:\Program Files (x86)\MiKTeX 2.8\tex\generic\pgfplots\numtable\pgfplotstable
.code.tex"
\c@pgfplotstable@counta=\count115
\pgfplotstable@outfile=\write5

("C:\Program Files (x86)\MiKTeX 2.8\tex\generic\pgfplots\numtable\pgfplotstable
.coltype.code.tex"))
("C:\Program Files (x86)\MiKTeX 2.8\tex\generic\pgfplots\liststructure\pgfplots
deque.code.tex")
("C:\Program Files (x86)\MiKTeX 2.8\tex\generic\pgfplots\util\pgfplotsbinary.co
de.tex")
("C:\Program Files (x86)\MiKTeX 2.8\tex\generic\pgfplots\libs\pgflibrarypgfplot
s.surfshading.code.tex"
("C:\Program Files (x86)\MiKTeX 2.8\tex\generic\pgfplots\sys\pgflibrarypgfplots
.surfshading.pgfsys-pdftex.def")))
("C:\Program Files (x86)\MiKTeX 2.8\tex\generic\pgfplots\util\pgfplotscolormap.
code.tex")
("C:\Program Files (x86)\MiKTeX 2.8\tex\generic\pgfplots\pgfplotsstackedplots.c
ode.tex")
("C:\Program Files (x86)\MiKTeX 2.8\tex\generic\pgfplots\pgfplotscoordprocessin
g.code.tex")
("C:\Program Files (x86)\MiKTeX 2.8\tex\generic\pgfplots\pgfplotsticks.code.tex
")
("C:\Program Files (x86)\MiKTeX 2.8\tex\generic\pgf\frontendlayer\tikz\librarie
s\tikzlibrarydecorations.pathmorphing.code.tex"
("C:\Program Files (x86)\MiKTeX 2.8\tex\generic\pgf\libraries\pgflibrarydecorat
ions.pathmorphing.code.tex"))
("C:\Program Files (x86)\MiKTeX 2.8\tex\generic\pgf\frontendlayer\tikz\librarie
s\tikzlibrarydecorations.pathreplacing.code.tex"
("C:\Program Files (x86)\MiKTeX 2.8\tex\generic\pgf\libraries\pgflibrarydecorat
ions.pathreplacing.code.tex"))
\pgfplots@numplots=\count116
\pgfplots@xmin@reg=\dimen157
\pgfplots@xmax@reg=\dimen158
\pgfplots@ymin@reg=\dimen159
\pgfplots@ymax@reg=\dimen160
\pgfplots@zmin@reg=\dimen161
\pgfplots@zmax@reg=\dimen162
)
("C:\Program Files (x86)\MiKTeX 2.8\tex\generic\pgf\frontendlayer\tikz\librarie
s\tikzlibraryplotmarks.code.tex"
File: tikzlibraryplotmarks.code.tex 2008/01/09 v2.00 (rcs-revision 1.1)

("C:\Program Files (x86)\MiKTeX 2.8\tex\generic\pgf\libraries\pgflibraryplotmar
ks.code.tex"
File: pgflibraryplotmarks.code.tex 2007/03/09 v2.00 (rcs-revision 1.5)
)))
("C:\Program Files (x86)\MiKTeX 2.8\tex\latex\amsfonts\amssymb.sty"
Package: amssymb 2009/06/22 v3.00

("C:\Program Files (x86)\MiKTeX 2.8\tex\latex\amsfonts\amsfonts.sty"
Package: amsfonts 2009/06/22 v3.00 Basic AMSFonts support
\@emptytoks=\toks28
\symAMSa=\mathgroup4
\symAMSb=\mathgroup5
LaTeX Font Info:    Overwriting math alphabet `\mathfrak' in version `bold'
(Font)                  U/euf/m/n --> U/euf/b/n on input line 96.
))
("C:\Program Files (x86)\MiKTeX 2.8\tex\latex\ams\math\amstext.sty"
Package: amstext 2000/06/29 v2.01

("C:\Program Files (x86)\MiKTeX 2.8\tex\latex\ams\math\amsgen.sty"
File: amsgen.sty 1999/11/30 v2.0
\@emptytoks=\toks29
\ex@=\dimen163
))
("C:\Program Files (x86)\MiKTeX 2.8\tex\latex\preprint\authblk.sty"
Package: authblk 2009/11/18 1.3 (PWD)
\affilsep=\skip43
\@affilsep=\skip44
\c@Maxaffil=\count117
\c@authors=\count118
\c@affil=\count119
)
("C:\Program Files (x86)\MiKTeX 2.8\tex\latex\tools\multicol.sty"
Package: multicol 2008/12/05 v1.6h multicolumn formatting (FMi)
\c@tracingmulticols=\count120
\mult@box=\box36
\multicol@leftmargin=\dimen164
\c@unbalance=\count121
\c@collectmore=\count122
\doublecol@number=\count123
\multicoltolerance=\count124
\multicolpretolerance=\count125
\full@width=\dimen165
\page@free=\dimen166
\premulticols=\dimen167
\postmulticols=\dimen168
\multicolsep=\skip45
\multicolbaselineskip=\skip46
\partial@page=\box37
\last@line=\box38
\mult@rightbox=\box39
\mult@grightbox=\box40
\mult@gfirstbox=\box41
\mult@firstbox=\box42
\@tempa=\box43
\@tempa=\box44
\@tempa=\box45
\@tempa=\box46
\@tempa=\box47
\@tempa=\box48
\@tempa=\box49
\@tempa=\box50
\@tempa=\box51
\@tempa=\box52
\@tempa=\box53
\@tempa=\box54
\@tempa=\box55
\@tempa=\box56
\@tempa=\box57
\@tempa=\box58
\@tempa=\box59
\c@columnbadness=\count126
\c@finalcolumnbadness=\count127
\last@try=\dimen169
\multicolovershoot=\dimen170
\multicolundershoot=\dimen171
\mult@nat@firstbox=\box60
\colbreak@box=\box61
)
("C:\Program Files (x86)\MiKTeX 2.8\tex\latex\paralist\paralist.sty"
Package: paralist 2002/03/18 v2.3b Extended list environments (BS)
\pltopsep=\skip47
\plpartopsep=\skip48
\plitemsep=\skip49
\plparsep=\skip50
\pl@lab=\toks30
)
("C:\Program Files (x86)\MiKTeX 2.8\tex\latex\ltxmisc\url.sty"
\Urlmuskip=\muskip10
Package: url 2006/04/12  ver 3.3  Verb mode for urls, etc.
)
("C:\Program Files (x86)\MiKTeX 2.8\tex\latex\tools\bm.sty"
Package: bm 2004/02/26 v1.1c Bold Symbol Support (DPC/FMi)
\symboldoperators=\mathgroup6
\symboldletters=\mathgroup7
\symboldsymbols=\mathgroup8
LaTeX Font Info:    Redeclaring math alphabet \mathbf on input line 138.
LaTeX Info: Redefining \bm on input line 204.
)
("C:\Program Files (x86)\MiKTeX 2.8\tex\latex\thmtools\thmtools.sty"
Package: thmtools 2010/05/18 v24
\thmt@toks=\toks31
\c@thmt@dummyctr=\count128

("C:\Program Files (x86)\MiKTeX 2.8\tex\latex\thmtools\thm-patch.sty"
Package: thm-patch 2010/05/18 v24

("C:\Program Files (x86)\MiKTeX 2.8\tex\latex\thmtools\parseargs.sty"
Package: parseargs 2010/05/18 v24
\@parsespec=\toks32
))
("C:\Program Files (x86)\MiKTeX 2.8\tex\latex\thmtools\thm-kv.sty"
Package: thm-kv 2010/05/18 v24

("C:\Program Files (x86)\MiKTeX 2.8\tex\generic\oberdiek\kvsetkeys.sty"
Package: kvsetkeys 2010/03/01 v1.9 Key value parser (HO)

("C:\Program Files (x86)\MiKTeX 2.8\tex\generic\oberdiek\infwarerr.sty"
Package: infwarerr 2010/04/08 v1.3 Providing info/warning/message (HO)
)
("C:\Program Files (x86)\MiKTeX 2.8\tex\generic\oberdiek\etexcmds.sty"
Package: etexcmds 2010/01/28 v1.3 Prefix for e-TeX command names (HO)
Package etexcmds Info: Could not find \expanded.
(etexcmds)             That can mean that you are not using pdfTeX 1.50 or
(etexcmds)             that some package has redefined \expanded.
(etexcmds)             In the latter case, load this package earlier.
)))
("C:\Program Files (x86)\MiKTeX 2.8\tex\latex\thmtools\thm-autoref.sty"
Package: thm-autoref 2010/05/18 v24

("C:\Program Files (x86)\MiKTeX 2.8\tex\latex\thmtools\aliasctr.sty"
Package: aliasctr 2010/05/18 v24

("C:\Program Files (x86)\MiKTeX 2.8\tex\latex\carlisle\remreset.sty")))
("C:\Program Files (x86)\MiKTeX 2.8\tex\latex\thmtools\thm-listof.sty"
Package: thm-listof 2010/05/18 v24
)
("C:\Program Files (x86)\MiKTeX 2.8\tex\latex\thmtools\thm-restate.sty"
Package: thm-restate 2010/05/18 v24
))
("C:\Program Files (x86)\MiKTeX 2.8\tex\latex\ams\math\amsmath.sty"
Package: amsmath 2000/07/18 v2.13 AMS math features
\@mathmargin=\skip51

For additional information on amsmath, use the `?' option.
("C:\Program Files (x86)\MiKTeX 2.8\tex\latex\ams\math\amsbsy.sty"
Package: amsbsy 1999/11/29 v1.2d
LaTeX Info: Redefining \boldsymbol on input line 54.
\pmbraise@=\dimen172
)
("C:\Program Files (x86)\MiKTeX 2.8\tex\latex\ams\math\amsopn.sty"
Package: amsopn 1999/12/14 v2.01 operator names
)
\inf@bad=\count129
LaTeX Info: Redefining \frac on input line 211.
\uproot@=\count130
\leftroot@=\count131
LaTeX Info: Redefining \overline on input line 307.
\classnum@=\count132
\DOTSCASE@=\count133
LaTeX Info: Redefining \ldots on input line 379.
LaTeX Info: Redefining \dots on input line 382.
LaTeX Info: Redefining \cdots on input line 467.
\Mathstrutbox@=\box62
\strutbox@=\box63
\big@size=\dimen173
LaTeX Font Info:    Redeclaring font encoding OML on input line 567.
LaTeX Font Info:    Redeclaring font encoding OMS on input line 568.
\macc@depth=\count134
\c@MaxMatrixCols=\count135
\dotsspace@=\muskip11
\c@parentequation=\count136
\dspbrk@lvl=\count137
\tag@help=\toks33
\row@=\count138
\column@=\count139
\maxfields@=\count140
\andhelp@=\toks34
\eqnshift@=\dimen174
\alignsep@=\dimen175
\tagshift@=\dimen176
\tagwidth@=\dimen177
\totwidth@=\dimen178
\lineht@=\dimen179
\@envbody=\toks35
\multlinegap=\skip52
\multlinetaggap=\skip53
\mathdisplay@stack=\toks36
LaTeX Info: Redefining \[ on input line 2666.
LaTeX Info: Redefining \] on input line 2667.
)
("C:\Program Files (x86)\MiKTeX 2.8\tex\latex\algorithms\algorithm.sty"
Package: algorithm 2009/08/24 v0.1 Document Style `algorithm' - floating enviro
nment

("C:\Program Files (x86)\MiKTeX 2.8\tex\latex\base\ifthen.sty"
Package: ifthen 2001/05/26 v1.1c Standard LaTeX ifthen package (DPC)
)
\@float@every@algorithm=\toks37
\c@algorithm=\count141
)
("C:\Program Files (x86)\MiKTeX 2.8\tex\latex\algorithms\algorithmic.sty"
Package: algorithmic 2009/08/24 v0.1 Document Style `algorithmic'
\c@ALC@unique=\count142
\c@ALC@line=\count143
\c@ALC@rem=\count144
\c@ALC@depth=\count145
\ALC@tlm=\skip54
\algorithmicindent=\skip55
)
("C:\Program Files (x86)\MiKTeX 2.8\tex\latex\hyperref\hyperref.sty"
Package: hyperref 2010/06/18 v6.81g Hypertext links for LaTeX

("C:\Program Files (x86)\MiKTeX 2.8\tex\generic\oberdiek\ltxcmds.sty"
Package: ltxcmds 2010/04/26 v1.7 LaTeX kernel commands for general use (HO)
)
("C:\Program Files (x86)\MiKTeX 2.8\tex\generic\oberdiek\pdfescape.sty"
Package: pdfescape 2010/03/01 v1.9 Provides hex, PDF name and string conversion
s (HO)

("C:\Program Files (x86)\MiKTeX 2.8\tex\generic\oberdiek\pdftexcmds.sty"
Package: pdftexcmds 2010/04/01 v0.9 Utility functions of pdfTeX for LuaTeX (HO)


("C:\Program Files (x86)\MiKTeX 2.8\tex\generic\oberdiek\ifluatex.sty"
Package: ifluatex 2010/03/01 v1.3 Provides the ifluatex switch (HO)
Package ifluatex Info: LuaTeX not detected.
)
Package pdftexcmds Info: LuaTeX not detected.
Package pdftexcmds Info: \pdf@primitive is available.
Package pdftexcmds Info: \pdf@ifprimitive is available.
))
("C:\Program Files (x86)\MiKTeX 2.8\tex\generic\oberdiek\ifpdf.sty"
Package: ifpdf 2010/01/28 v2.1 Provides the ifpdf switch (HO)
Package ifpdf Info: pdfTeX in pdf mode detected.
)
("C:\Program Files (x86)\MiKTeX 2.8\tex\generic\oberdiek\ifvtex.sty"
Package: ifvtex 2010/03/01 v1.5 Switches for detecting VTeX and its modes (HO)
Package ifvtex Info: VTeX not detected.
)
("C:\Program Files (x86)\MiKTeX 2.8\tex\latex\ifxetex\ifxetex.sty"
Package: ifxetex 2009/01/23 v0.5 Provides ifxetex conditional
)
("C:\Program Files (x86)\MiKTeX 2.8\tex\latex\oberdiek\hycolor.sty"
Package: hycolor 2009/12/12 v1.6 Color options of hyperref/bookmark (HO)

("C:\Program Files (x86)\MiKTeX 2.8\tex\latex\oberdiek\xcolor-patch.sty"
Package: xcolor-patch 2009/12/12 xcolor patch
))
("C:\Program Files (x86)\MiKTeX 2.8\tex\latex\oberdiek\letltxmacro.sty"
Package: letltxmacro 2008/06/24 v1.3 Let assignment for LaTeX macros (HO)
)
\@linkdim=\dimen180
\Hy@linkcounter=\count146
\Hy@pagecounter=\count147

("C:\Program Files (x86)\MiKTeX 2.8\tex\latex\hyperref\pd1enc.def"
File: pd1enc.def 2010/06/18 v6.81g Hyperref: PDFDocEncoding definition (HO)
)
("C:\Program Files (x86)\MiKTeX 2.8\tex\generic\oberdiek\intcalc.sty"
Package: intcalc 2007/09/27 v1.1 Expandable integer calculations (HO)
)
("C:\Program Files (x86)\MiKTeX 2.8\tex\latex\00miktex\hyperref.cfg"
File: hyperref.cfg 2002/06/06 v1.2 hyperref configuration of TeXLive
)
("C:\Program Files (x86)\MiKTeX 2.8\tex\latex\oberdiek\kvoptions.sty"
Package: kvoptions 2010/02/22 v3.7 Keyval support for LaTeX options (HO)
)
Package hyperref Info: Hyper figures OFF on input line 3658.
Package hyperref Info: Link nesting OFF on input line 3663.
Package hyperref Info: Hyper index ON on input line 3666.
Package hyperref Info: Plain pages OFF on input line 3673.
Package hyperref Info: Backreferencing OFF on input line 3678.

Implicit mode ON; LaTeX internals redefined
Package hyperref Info: Bookmarks ON on input line 3874.
LaTeX Info: Redefining \url on input line 4159.
("C:\Program Files (x86)\MiKTeX 2.8\tex\generic\oberdiek\bitset.sty"
Package: bitset 2007/09/28 v1.0 Data type bit set (HO)

("C:\Program Files (x86)\MiKTeX 2.8\tex\generic\oberdiek\bigintcalc.sty"
Package: bigintcalc 2007/11/11 v1.1 Expandable big integer calculations (HO)
))
\Fld@menulength=\count148
\Field@Width=\dimen181
\Fld@charsize=\dimen182
\Field@toks=\toks38
Package hyperref Info: Hyper figures OFF on input line 5137.
Package hyperref Info: Link nesting OFF on input line 5142.
Package hyperref Info: Hyper index ON on input line 5145.
Package hyperref Info: backreferencing OFF on input line 5152.
Package hyperref Info: Link coloring OFF on input line 5157.
Package hyperref Info: Link coloring with OCG OFF on input line 5162.
Package hyperref Info: PDF/A mode OFF on input line 5167.
LaTeX Info: Redefining \ref on input line 5207.
LaTeX Info: Redefining \pageref on input line 5211.

("C:\Program Files (x86)\MiKTeX 2.8\tex\generic\oberdiek\atbegshi.sty"
Package: atbegshi 2010/03/25 v1.12 At begin shipout hook (HO)
)
\Hy@abspage=\count149
\c@Item=\count150
\c@Hfootnote=\count151
)
* hyperref using default driver hpdftex *
("C:\Program Files (x86)\MiKTeX 2.8\tex\latex\hyperref\hpdftex.def"
File: hpdftex.def 2010/06/18 v6.81g Hyperref driver for pdfTeX

("C:\Program Files (x86)\MiKTeX 2.8\tex\latex\oberdiek\atveryend.sty"
Package: atveryend 2010/03/24 v1.5 Hooks at very end of document (HO)
Package atveryend Info: \enddocument detected (standard).
)
\Fld@listcount=\count152
\c@bookmark@seq@number=\count153

("C:\Program Files (x86)\MiKTeX 2.8\tex\latex\oberdiek\rerunfilecheck.sty"
Package: rerunfilecheck 2010/03/16 v1.6 Rerun checks for auxiliary files (HO)

("C:\Program Files (x86)\MiKTeX 2.8\tex\generic\oberdiek\uniquecounter.sty"
Package: uniquecounter 2009/12/18 v1.1 Provides unlimited unique counter (HO)
)
Package uniquecounter Info: New unique counter `rerunfilecheck' on input line 2
71.
)
\Hy@SectionHShift=\skip56
)
("C:\Program Files (x86)\MiKTeX 2.8\tex\latex\ams\classes\amsthm.sty"
Package: amsthm 2004/08/06 v2.20
\thm@style=\toks39
\thm@bodyfont=\toks40
\thm@headfont=\toks41
\thm@notefont=\toks42
\thm@headpunct=\toks43
\thm@preskip=\skip57
\thm@postskip=\skip58
\thm@headsep=\skip59
\dth@everypar=\toks44
)
\c@theorem=\count154

("C:\Users\ABABACAR MBAYE\Downloads\These\pqPFDH\pqPFDH.aux"

LaTeX Warning: Label `Katz' multiply defined.

)
LaTeX Font Info:    Checking defaults for OML/cmm/m/it on input line 32.
LaTeX Font Info:    ... okay on input line 32.
LaTeX Font Info:    Checking defaults for T1/cmr/m/n on input line 32.
LaTeX Font Info:    ... okay on input line 32.
LaTeX Font Info:    Checking defaults for OT1/cmr/m/n on input line 32.
LaTeX Font Info:    ... okay on input line 32.
LaTeX Font Info:    Checking defaults for OMS/cmsy/m/n on input line 32.
LaTeX Font Info:    ... okay on input line 32.
LaTeX Font Info:    Checking defaults for OMX/cmex/m/n on input line 32.
LaTeX Font Info:    ... okay on input line 32.
LaTeX Font Info:    Checking defaults for U/cmr/m/n on input line 32.
LaTeX Font Info:    ... okay on input line 32.
LaTeX Font Info:    Checking defaults for PD1/pdf/m/n on input line 32.
LaTeX Font Info:    ... okay on input line 32.
LaTeX Font Info:    Try loading font information for OT1+ptm on input line 32.
 ("C:\Program Files (x86)\MiKTeX 2.8\tex\latex\psnfss\ot1ptm.fd"
File: ot1ptm.fd 2001/06/04 font definitions for OT1/ptm.
)
("C:\Program Files (x86)\MiKTeX 2.8\tex\context\base\supp-pdf.tex"
[Loading MPS to PDF converter (version 2006.09.02).]
\scratchcounter=\count155
\scratchdimen=\dimen183
\scratchbox=\box64
\nofMPsegments=\count156
\nofMParguments=\count157
\everyMPshowfont=\toks45
\MPscratchCnt=\count158
\MPscratchDim=\dimen184
\MPnumerator=\count159
\everyMPtoPDFconversion=\toks46
)
\AtBeginShipoutBox=\box65
Package hyperref Info: Link coloring OFF on input line 32.
 ("C:\Program Files (x86)\MiKTeX 2.8\tex\latex\hyperref\nameref.sty"
Package: nameref 2010/04/30 v2.40 Cross-referencing by name of section

("C:\Program Files (x86)\MiKTeX 2.8\tex\latex\oberdiek\refcount.sty"
Package: refcount 2008/08/11 v3.1 Data extraction from references (HO)
)
("C:\Program Files (x86)\MiKTeX 2.8\tex\generic\oberdiek\gettitlestring.sty"
Package: gettitlestring 2009/12/18 v1.3 Cleanup title references (HO)
)
\c@section@level=\count160
)
LaTeX Info: Redefining \ref on input line 32.
LaTeX Info: Redefining \pageref on input line 32.
LaTeX Info: Redefining \nameref on input line 32.

("C:\Users\ABABACAR MBAYE\Downloads\These\pqPFDH\pqPFDH.out")
("C:\Users\ABABACAR MBAYE\Downloads\These\pqPFDH\pqPFDH.out")
\@outlinefile=\write6
LaTeX Font Info:    Font shape `OT1/ptm/bx/n' in size <10> not available
(Font)              Font shape `OT1/ptm/b/n' tried instead on input line 35.
LaTeX Font Info:    Try loading font information for U+msa on input line 36.

("C:\Program Files (x86)\MiKTeX 2.8\tex\latex\amsfonts\umsa.fd"
File: umsa.fd 2009/06/22 v3.00 AMS symbols A
)
LaTeX Font Info:    Try loading font information for U+msb on input line 36.

("C:\Program Files (x86)\MiKTeX 2.8\tex\latex\amsfonts\umsb.fd"
File: umsb.fd 2009/06/22 v3.00 AMS symbols B
)
LaTeX Font Info:    Font shape `OT1/ptm/bx/it' in size <10.95> not available
(Font)              Font shape `OT1/ptm/b/it' tried instead on input line 38.
LaTeX Font Info:    Font shape `OT1/ptm/bx/n' in size <14.4> not available
(Font)              Font shape `OT1/ptm/b/n' tried instead on input line 39.
LaTeX Font Info:    Font shape `OT1/ptm/bx/n' in size <10.95> not available
(Font)              Font shape `OT1/ptm/b/n' tried instead on input line 45.


LaTeX Warning: Citation `pqRSA' on page 1 undefined on input line 45.

[1

{C:/ProgramData/MiKTeX/2.8/pdftex/config/pdftex.map}

LaTeX Warning: No \author given.

] [2]
Overfull \hbox (13.6556pt too wide) in paragraph at lines 61--66
\OT1/ptm/m/n/10.95 the gen-eral form of our sig-na-ture is $\OML/cmm/m/it/10.95
 sign[]\OT1/cmr/m/n/10.95 (\OML/cmm/m/it/10.95 m\OT1/cmr/m/n/10.95 ) = []\OML/c
mm/m/it/10.95 f[]\OT1/cmr/m/n/10.95 ([](\OML/cmm/m/it/10.95 m; r\OT1/cmr/m/n/10
.95 ))\OML/cmm/m/it/10.95 ; r[]$ \OT1/ptm/m/n/10.95 or $\OML/cmm/m/it/10.95 sig
n[]\OT1/cmr/m/n/10.95 (\OML/cmm/m/it/10.95 m\OT1/cmr/m/n/10.95 ) =$
 []

[3]
LaTeX Font Info:    Try loading font information for OMS+ptm on input line 69.
 ("C:\Program Files (x86)\MiKTeX 2.8\tex\latex\psnfss\omsptm.fd"
File: omsptm.fd 
)
LaTeX Font Info:    Font shape `OMS/ptm/m/n' in size <10.95> not available
(Font)              Font shape `OMS/cmsy/m/n' tried instead on input line 69.
LaTeX Font Info:    Font shape `OT1/ptm/bx/n' in size <12> not available
(Font)              Font shape `OT1/ptm/b/n' tried instead on input line 79.
 [4]
[5]
Underfull \hbox (badness 10000) in paragraph at lines 158--159

 []

[6]
Overfull \hbox (7.64417pt too wide) in paragraph at lines 187--190
\OT1/ptm/m/it/10.95 ter, de-fine the hash func-tion $\OML/cmm/m/it/10.95 G$ \OT
1/ptm/m/it/10.95 by $\OML/cmm/m/it/10.95 G\OT1/cmr/m/n/10.95 (\OML/cmm/m/it/10.
95 x\OT1/cmr/m/n/10.95 ) = 1\OMS/cmsy/m/n/10.95 jj\OML/cmm/m/it/10.95 G[]\OT1/c
mr/m/n/10.95 (\OML/cmm/m/it/10.95 x\OT1/cmr/m/n/10.95 )\OMS/cmsy/m/n/10.95 jj\O
T1/cmr/m/n/10.95 1 \OMS/cmsy/m/n/10.95 2 \OT1/cmr/m/n/10.95 [0\OML/cmm/m/it/10.
95 ; n \OMS/cmsy/m/n/10.95   \OT1/cmr/m/n/10.95 1] \OMS/cmsy/m/n/10.95 \ \OT1/c
mr/m/n/10.95 [2[]\OML/cmm/m/it/10.95 ; \OT1/cmr/m/n/10.95 2[][\OMS/cmsy/m/n/10.
95 \\U/msb/m/n/10.95 N[]$
 []


Overfull \hbox (3.73022pt too wide) in paragraph at lines 204--205
[]\OT1/ptm/m/n/10.95 select a ran-dom salt $\OML/cmm/m/it/10.95 a \OMS/cmsy/m/n
/10.95 2 f\OT1/cmr/m/n/10.95 0\OML/cmm/m/it/10.95 ; \OT1/cmr/m/n/10.95 1\OMS/cm
sy/m/n/10.95 g[]$\OT1/ptm/m/n/10.95 , com-pute $\OML/cmm/m/it/10.95 e \OT1/cmr/
m/n/10.95 = \OML/cmm/m/it/10.95 G\OT1/cmr/m/n/10.95 (\OML/cmm/m/it/10.95 a\OT1/
cmr/m/n/10.95 )$ \OT1/ptm/m/n/10.95 and $\OML/cmm/m/it/10.95 d \OT1/cmr/m/n/10.
95 = \OML/cmm/m/it/10.95 e[] mod '\OT1/cmr/m/n/10.95 (\OML/cmm/m/it/10.95 n\OT1
/cmr/m/n/10.95 )$\OT1/ptm/m/n/10.95 ; 
 []

[7] [8]
Overfull \hbox (20.814pt too wide) in paragraph at lines 304--305
[]\OT1/ptm/m/n/10.95 invokes its own sim-u-la-tion of $\OML/cmm/m/it/10.95 G$ \
OT1/ptm/m/n/10.95 and $\OML/cmm/m/it/10.95 H$ \OT1/ptm/m/n/10.95 to com-pute $\
OML/cmm/m/it/10.95 e[] \OT1/cmr/m/n/10.95 = \OML/cmm/m/it/10.95 G\OT1/cmr/m/n/1
0.95 (\OML/cmm/m/it/10.95 a[]\OT1/cmr/m/n/10.95 )$ \OT1/ptm/m/n/10.95 and $\OML
/cmm/m/it/10.95 H\OT1/cmr/m/n/10.95 (\OML/cmm/m/it/10.95 e[]\OMS/cmsy/m/n/10.95
 jj\OML/cmm/m/it/10.95 m\OMS/cmsy/m/n/10.95 jj\OML/cmm/m/it/10.95 a[]\OT1/cmr/m
/n/10.95 )$\OT1/ptm/m/n/10.95 ; 
 []

[9] [10]
Underfull \hbox (badness 1728) in paragraph at lines 362--363
[]\OT1/ptm/m/n/10.95 J.S. Coron, A. Joux, D. Nac-cache and P. Pail-lier, \OT1/p
tm/m/it/10.95 Fault At-tacks on
 []


Underfull \hbox (badness 1845) in paragraph at lines 362--363
\OT1/ptm/m/it/10.95 Ran-dom-ized RSA Sig-na-tures\OT1/ptm/m/n/10.95 . To ap-pea
r at CHES 2009. Avail-able at
 []


Underfull \hbox (badness 1728) in paragraph at lines 376--377
[]\OT1/ptm/m/n/10.95 D. Pointcheval, \OT1/ptm/m/it/10.95 Prov-able Se-cu-rity f
or Pub-lic Key Schemes \OT1/ptm/m/n/10.95 Ad-vanced
 []


Underfull \hbox (badness 7133) in paragraph at lines 376--377
\OT1/ptm/m/n/10.95 Course on Con-tem-po-rary Cryp-tol-ogy, pages 133-189, June 
2005.
 []

[11]
Package atveryend Info: Empty hook `BeforeClearDocument' on input line 391.
 [12pdfTeX warning (ext4): destination with the same identifier (name{cite.Katz
}) has been already used, duplicate ignored

\AtBegShi@Output ...ipout \box \AtBeginShipoutBox 
                                                  \fi \fi 
l.391 \end{document}
                    ]
Package atveryend Info: Empty hook `AfterLastShipout' on input line 391.

("C:\Users\ABABACAR MBAYE\Downloads\These\pqPFDH\pqPFDH.aux")
Package atveryend Info: Executing hook `AtVeryEndDocument' on input line 391.
Package rerunfilecheck Info: File `pqPFDH.out' has not changed.
(rerunfilecheck)             Checksum: AD9B4DE2A14A7185C8405E59DD4AF9AA;607.


LaTeX Warning: There were undefined references.


LaTeX Warning: There were multiply-defined labels.

 ) 
Here is how much of TeX's memory you used:
 18434 strings out of 495285
 380449 string characters out of 3179799
 489960 words of memory out of 3000000
 21097 multiletter control sequences out of 15000+200000
 32178 words of font info for 79 fonts, out of 3000000 for 9000
 14 hyphenation exceptions out of 8191
 49i,8n,74p,1081b,454s stack positions out of 5000i,500n,10000p,200000b,50000s
{C:/Program Files (x86)/MiKTeX 2.8/fonts/enc/dvips/fontname/8r.enc}<C:/Progra
m Files (x86)/MiKTeX 2.8/fonts/type1/public/amsfonts/cm/cmbx10.pfb><C:/Program 
Files (x86)/MiKTeX 2.8/fonts/type1/public/amsfonts/cm/cmbx8.pfb><C:/Program Fil
es (x86)/MiKTeX 2.8/fonts/type1/public/amsfonts/cm/cmex10.pfb><C:/Program Files
 (x86)/MiKTeX 2.8/fonts/type1/public/amsfonts/cm/cmmi10.pfb><C:/Program Files (
x86)/MiKTeX 2.8/fonts/type1/public/amsfonts/cm/cmmi5.pfb><C:/Program Files (x86
)/MiKTeX 2.8/fonts/type1/public/amsfonts/cm/cmmi6.pfb><C:/Program Files (x86)/M
iKTeX 2.8/fonts/type1/public/amsfonts/cm/cmmi8.pfb><C:/Program Files (x86)/MiKT
eX 2.8/fonts/type1/public/amsfonts/cm/cmr10.pfb><C:/Program Files (x86)/MiKTeX 
2.8/fonts/type1/public/amsfonts/cm/cmr6.pfb><C:/Program Files (x86)/MiKTeX 2.8/
fonts/type1/public/amsfonts/cm/cmr7.pfb><C:/Program Files (x86)/MiKTeX 2.8/font
s/type1/public/amsfonts/cm/cmr8.pfb><C:/Program Files (x86)/MiKTeX 2.8/fonts/ty
pe1/public/amsfonts/cm/cmsy10.pfb><C:/Program Files (x86)/MiKTeX 2.8/fonts/type
1/public/amsfonts/cm/cmsy5.pfb><C:/Program Files (x86)/MiKTeX 2.8/fonts/type1/p
ublic/amsfonts/cm/cmsy6.pfb><C:/Program Files (x86)/MiKTeX 2.8/fonts/type1/publ
ic/amsfonts/cm/cmsy7.pfb><C:/Program Files (x86)/MiKTeX 2.8/fonts/type1/public/
amsfonts/cm/cmsy8.pfb><C:/Program Files (x86)/MiKTeX 2.8/fonts/type1/public/ams
fonts/symbols/msbm10.pfb><C:/Program Files (x86)/MiKTeX 2.8/fonts/type1/urw/tim
es/utmb8a.pfb><C:/Program Files (x86)/MiKTeX 2.8/fonts/type1/urw/times/utmbi8a.
pfb><C:/Program Files (x86)/MiKTeX 2.8/fonts/type1/urw/times/utmr8a.pfb><C:/Pro
gram Files (x86)/MiKTeX 2.8/fonts/type1/urw/times/utmri8a.pfb>
Output written on pqPFDH.pdf (12 pages, 278909 bytes).
PDF statistics:
 281 PDF objects out of 1000 (max. 8388607)
 78 named destinations out of 1000 (max. 500000)
 85 words of extra memory for PDF output out of 10000 (max. 10000000)

